This file contains any messages produced by compilers while
running configure, to aid debugging if configure makes a mistake.

It was created by sumo configure 0.31.0, which was
generated by GNU Autoconf 2.69.  Invocation command line was

  $ ./configure CXX=clang++ CXXFLAGS=-stdlib=libc++ -std=gnu++11 --with-xerces=/usr/local --with-proj-gdal=/usr/local

## --------- ##
## Platform. ##
## --------- ##

hostname = Aums-MBP.wv.cc.cmu.edu
uname -m = x86_64
uname -r = 16.7.0
uname -s = Darwin
uname -v = Darwin Kernel Version 16.7.0: Wed Oct  4 00:17:00 PDT 2017; root:xnu-3789.71.6~1/RELEASE_X86_64

/usr/bin/uname -p = i386
/bin/uname -X     = unknown

/bin/arch              = unknown
/usr/bin/arch -k       = unknown
/usr/convex/getsysinfo = unknown
/usr/bin/hostinfo      = Mach kernel version:
	 Darwin Kernel Version 16.7.0: Wed Oct  4 00:17:00 PDT 2017; root:xnu-3789.71.6~1/RELEASE_X86_64
Kernel configured for up to 4 processors.
2 processors are physically available.
4 processors are logically available.
Processor type: x86_64h (Intel x86-64h Haswell)
Processors active: 0 1 2 3
Primary memory available: 8.00 gigabytes
Default processor set: 369 tasks, 1553 threads, 4 processors
Load average: 5.45, Mach factor: 1.10
/bin/machine           = unknown
/usr/bin/oslevel       = unknown
/bin/universe          = unknown

PATH: /Users/aum.jadhav/anaconda2/bin
PATH: /Users/aum.jadhav/anaconda/bin
PATH: /Library/Frameworks/Python.framework/Versions/3.6/bin
PATH: /usr/local/bin
PATH: /usr/bin
PATH: /bin
PATH: /usr/sbin
PATH: /sbin
PATH: /opt/X11/bin
PATH: /Library/TeX/texbin


## ----------- ##
## Core tests. ##
## ----------- ##

configure:2631: checking build system type
configure:2645: result: x86_64-apple-darwin16.7.0
configure:2665: checking host system type
configure:2678: result: x86_64-apple-darwin16.7.0
configure:2698: checking target system type
configure:2711: result: x86_64-apple-darwin16.7.0
configure:2758: checking for a BSD-compatible install
configure:2826: result: /usr/bin/install -c
configure:2837: checking whether build environment is sane
configure:2892: result: yes
configure:3043: checking for a thread-safe mkdir -p
configure:3082: result: ./install-sh -c -d
configure:3089: checking for gawk
configure:3119: result: no
configure:3089: checking for mawk
configure:3119: result: no
configure:3089: checking for nawk
configure:3119: result: no
configure:3089: checking for awk
configure:3105: found /usr/bin/awk
configure:3116: result: awk
configure:3127: checking whether make sets $(MAKE)
configure:3149: result: yes
configure:3178: checking whether make supports nested variables
configure:3195: result: yes
configure:3284: checking whether UID '502' is supported by ustar format
configure:3287: result: yes
configure:3294: checking whether GID '20' is supported by ustar format
configure:3297: result: yes
configure:3305: checking how to create a ustar tar archive
configure:3316: tar --version
bsdtar 2.8.3 - libarchive 2.8.3
configure:3319: $? = 0
configure:3359: tardir=conftest.dir && eval tar --format=ustar -chf - "$tardir" >conftest.tar
configure:3362: $? = 0
configure:3366: tar -xf - <conftest.tar
configure:3369: $? = 0
configure:3371: cat conftest.dir/file
GrepMe
configure:3374: $? = 0
configure:3387: result: gnutar
configure:3548: checking for gcc
configure:3564: found /usr/bin/gcc
configure:3575: result: gcc
configure:3804: checking for C compiler version
configure:3813: gcc --version >&5
Apple LLVM version 9.0.0 (clang-900.0.38)
Target: x86_64-apple-darwin16.7.0
Thread model: posix
InstalledDir: /Applications/Xcode.app/Contents/Developer/Toolchains/XcodeDefault.xctoolchain/usr/bin
Configured with: --prefix=/Applications/Xcode.app/Contents/Developer/usr --with-gxx-include-dir=/usr/include/c++/4.2.1
configure:3824: $? = 0
configure:3813: gcc -v >&5
Configured with: --prefix=/Applications/Xcode.app/Contents/Developer/usr --with-gxx-include-dir=/usr/include/c++/4.2.1
Apple LLVM version 9.0.0 (clang-900.0.38)
Target: x86_64-apple-darwin16.7.0
Thread model: posix
InstalledDir: /Applications/Xcode.app/Contents/Developer/Toolchains/XcodeDefault.xctoolchain/usr/bin
configure:3824: $? = 0
configure:3813: gcc -V >&5
clang: error: argument to '-V' is missing (expected 1 value)
clang: error: no input files
configure:3824: $? = 1
configure:3813: gcc -qversion >&5
clang: error: unknown argument: '-qversion'
clang: error: no input files
configure:3824: $? = 1
configure:3844: checking whether the C compiler works
configure:3866: gcc   -I/opt/X11/include/ -L/opt/X11/lib conftest.c  >&5
configure:3870: $? = 0
configure:3918: result: yes
configure:3921: checking for C compiler default output file name
configure:3923: result: a.out
configure:3929: checking for suffix of executables
configure:3936: gcc -o conftest   -I/opt/X11/include/ -L/opt/X11/lib conftest.c  >&5
configure:3940: $? = 0
configure:3962: result: 
configure:3984: checking whether we are cross compiling
configure:3992: gcc -o conftest   -I/opt/X11/include/ -L/opt/X11/lib conftest.c  >&5
configure:3996: $? = 0
configure:4003: ./conftest
configure:4007: $? = 0
configure:4022: result: no
configure:4027: checking for suffix of object files
configure:4049: gcc -c   -I/opt/X11/include/ conftest.c >&5
configure:4053: $? = 0
configure:4074: result: o
configure:4078: checking whether we are using the GNU C compiler
configure:4097: gcc -c   -I/opt/X11/include/ conftest.c >&5
configure:4097: $? = 0
configure:4106: result: yes
configure:4115: checking whether gcc accepts -g
configure:4135: gcc -c -g  -I/opt/X11/include/ conftest.c >&5
configure:4135: $? = 0
configure:4176: result: yes
configure:4193: checking for gcc option to accept ISO C89
configure:4256: gcc  -c -g -O2  -I/opt/X11/include/ conftest.c >&5
configure:4256: $? = 0
configure:4269: result: none needed
configure:4294: checking whether gcc understands -c and -o together
configure:4316: gcc -c conftest.c -o conftest2.o
configure:4319: $? = 0
configure:4316: gcc -c conftest.c -o conftest2.o
configure:4319: $? = 0
configure:4331: result: yes
configure:4359: checking for style of include used by make
configure:4387: result: GNU
configure:4413: checking dependency style of gcc
configure:4524: result: gcc3
configure:4544: checking how to run the C preprocessor
configure:4575: gcc -E  -I/opt/X11/include/ conftest.c
configure:4575: $? = 0
configure:4589: gcc -E  -I/opt/X11/include/ conftest.c
conftest.c:11:10: fatal error: 'ac_nonexistent.h' file not found
#include <ac_nonexistent.h>
         ^~~~~~~~~~~~~~~~~~
1 error generated.
configure:4589: $? = 1
configure: failed program was:
| /* confdefs.h */
| #define PACKAGE_NAME "sumo"
| #define PACKAGE_TARNAME "sumo"
| #define PACKAGE_VERSION "0.31.0"
| #define PACKAGE_STRING "sumo 0.31.0"
| #define PACKAGE_BUGREPORT ""
| #define PACKAGE_URL ""
| #define PACKAGE "sumo"
| #define VERSION "0.31.0"
| /* end confdefs.h.  */
| #include <ac_nonexistent.h>
configure:4614: result: gcc -E
configure:4634: gcc -E  -I/opt/X11/include/ conftest.c
configure:4634: $? = 0
configure:4648: gcc -E  -I/opt/X11/include/ conftest.c
conftest.c:11:10: fatal error: 'ac_nonexistent.h' file not found
#include <ac_nonexistent.h>
         ^~~~~~~~~~~~~~~~~~
1 error generated.
configure:4648: $? = 1
configure: failed program was:
| /* confdefs.h */
| #define PACKAGE_NAME "sumo"
| #define PACKAGE_TARNAME "sumo"
| #define PACKAGE_VERSION "0.31.0"
| #define PACKAGE_STRING "sumo 0.31.0"
| #define PACKAGE_BUGREPORT ""
| #define PACKAGE_URL ""
| #define PACKAGE "sumo"
| #define VERSION "0.31.0"
| /* end confdefs.h.  */
| #include <ac_nonexistent.h>
configure:4788: checking for C++ compiler version
configure:4797: clang++ --version >&5
Apple LLVM version 9.0.0 (clang-900.0.38)
Target: x86_64-apple-darwin16.7.0
Thread model: posix
InstalledDir: /Applications/Xcode.app/Contents/Developer/Toolchains/XcodeDefault.xctoolchain/usr/bin
configure:4808: $? = 0
configure:4797: clang++ -v >&5
Apple LLVM version 9.0.0 (clang-900.0.38)
Target: x86_64-apple-darwin16.7.0
Thread model: posix
InstalledDir: /Applications/Xcode.app/Contents/Developer/Toolchains/XcodeDefault.xctoolchain/usr/bin
configure:4808: $? = 0
configure:4797: clang++ -V >&5
clang: error: argument to '-V' is missing (expected 1 value)
clang: error: no input files
configure:4808: $? = 1
configure:4797: clang++ -qversion >&5
clang: error: unknown argument: '-qversion'
clang: error: no input files
configure:4808: $? = 1
configure:4812: checking whether we are using the GNU C++ compiler
configure:4831: clang++ -c -std=c++11 -O2 -DNDEBUG -stdlib=libc++ -std=gnu++11  -I/opt/X11/include/ conftest.cpp >&5
configure:4831: $? = 0
configure:4840: result: yes
configure:4849: checking whether clang++ accepts -g
configure:4869: clang++ -c -g  -I/opt/X11/include/ conftest.cpp >&5
configure:4869: $? = 0
configure:4910: result: yes
configure:4935: checking dependency style of clang++
configure:5046: result: gcc3
configure:5062: checking whether ln -s works
configure:5066: result: yes
configure:5073: checking whether make sets $(MAKE)
configure:5095: result: yes
configure:5148: checking for ranlib
configure:5164: found /usr/bin/ranlib
configure:5175: result: ranlib
configure:5243: checking how to print strings
configure:5270: result: printf
configure:5291: checking for a sed that does not truncate output
configure:5355: result: /usr/bin/sed
configure:5373: checking for grep that handles long lines and -e
configure:5431: result: /usr/bin/grep
configure:5436: checking for egrep
configure:5498: result: /usr/bin/grep -E
configure:5503: checking for fgrep
configure:5565: result: /usr/bin/grep -F
configure:5600: checking for ld used by gcc
configure:5667: result: /Applications/Xcode.app/Contents/Developer/Toolchains/XcodeDefault.xctoolchain/usr/bin/ld
configure:5674: checking if the linker (/Applications/Xcode.app/Contents/Developer/Toolchains/XcodeDefault.xctoolchain/usr/bin/ld) is GNU ld
configure:5689: result: no
configure:5701: checking for BSD- or MS-compatible name lister (nm)
configure:5755: result: /usr/bin/nm -B
configure:5885: checking the name lister (/usr/bin/nm -B) interface
configure:5892: clang++ -c -std=c++11 -O2 -DNDEBUG -stdlib=libc++ -std=gnu++11  -I/opt/X11/include/ conftest.cpp >&5
configure:5895: /usr/bin/nm -B "conftest.o"
configure:5898: output
0000000000000000 S _some_variable
configure:5905: result: BSD nm
configure:5909: checking the maximum length of command line arguments
configure:6040: result: 196608
configure:6088: checking how to convert x86_64-apple-darwin16.7.0 file names to x86_64-apple-darwin16.7.0 format
configure:6128: result: func_convert_file_noop
configure:6135: checking how to convert x86_64-apple-darwin16.7.0 file names to toolchain format
configure:6155: result: func_convert_file_noop
configure:6162: checking for /Applications/Xcode.app/Contents/Developer/Toolchains/XcodeDefault.xctoolchain/usr/bin/ld option to reload object files
configure:6169: result: -r
configure:6243: checking for objdump
configure:6259: found /usr/bin/objdump
configure:6270: result: objdump
configure:6302: checking how to recognize dependent libraries
configure:6502: result: pass_all
configure:6587: checking for dlltool
configure:6617: result: no
configure:6647: checking how to associate runtime and link libraries
configure:6674: result: printf %s\n
configure:6735: checking for ar
configure:6751: found /usr/bin/ar
configure:6762: result: ar
configure:6799: checking for archiver @FILE support
configure:6816: clang++ -c -std=c++11 -O2 -DNDEBUG -stdlib=libc++ -std=gnu++11  -I/opt/X11/include/ conftest.cpp >&5
configure:6816: $? = 0
configure:6819: ar cru libconftest.a @conftest.lst >&5
ar: @conftest.lst: No such file or directory
configure:6822: $? = 1
configure:6842: result: no
configure:6900: checking for strip
configure:6916: found /usr/bin/strip
configure:6927: result: strip
configure:6999: checking for ranlib
configure:7026: result: ranlib
configure:7128: checking command to parse /usr/bin/nm -B output from gcc object
configure:7281: clang++ -c -std=c++11 -O2 -DNDEBUG -stdlib=libc++ -std=gnu++11  -I/opt/X11/include/ conftest.cpp >&5
configure:7284: $? = 0
configure:7288: /usr/bin/nm -B conftest.o \| sed -n -e 's/^.*[ ]\([BCDEGRST][BCDEGRST]*\)[ ][ ]*\([_A-Za-z][_A-Za-z0-9]*\)$/\1 \2 \2/p' | sed '/ __gnu_lto/d' \> conftest.nm
configure:7291: $? = 0
cannot find nm_test_var in conftest.nm
configure:7281: clang++ -c -std=c++11 -O2 -DNDEBUG -stdlib=libc++ -std=gnu++11  -I/opt/X11/include/ conftest.cpp >&5
configure:7284: $? = 0
configure:7288: /usr/bin/nm -B conftest.o \| sed -n -e 's/^.*[ ]\([BCDEGRST][BCDEGRST]*\)[ ][ ]*_\([_A-Za-z][_A-Za-z0-9]*\)$/\1 _\2 \2/p' | sed '/ __gnu_lto/d' \> conftest.nm
configure:7291: $? = 0
configure:7357: clang++ -o conftest -std=c++11 -O2 -DNDEBUG -stdlib=libc++ -std=gnu++11  -I/opt/X11/include/ -L/opt/X11/lib conftest.cpp conftstm.o >&5
configure:7360: $? = 0
configure:7398: result: ok
configure:7445: checking for sysroot
configure:7475: result: no
configure:7482: checking for a working dd
configure:7520: result: /bin/dd
configure:7524: checking how to truncate binary pipes
configure:7539: result: /bin/dd bs=4096 count=1
configure:7869: checking for mt
configure:7899: result: no
configure:7919: checking if : is a manifest tool
configure:7925: : '-?'
configure:7933: result: no
configure:7989: checking for dsymutil
configure:8005: found /usr/bin/dsymutil
configure:8016: result: dsymutil
configure:8081: checking for nmedit
configure:8097: found /usr/bin/nmedit
configure:8108: result: nmedit
configure:8173: checking for lipo
configure:8189: found /usr/bin/lipo
configure:8200: result: lipo
configure:8265: checking for otool
configure:8281: found /usr/bin/otool
configure:8292: result: otool
configure:8357: checking for otool64
configure:8387: result: no
configure:8432: checking for -single_module linker flag
gcc -g -O2 -L/opt/X11/lib -o libconftest.dylib -dynamiclib -Wl,-single_module conftest.c
configure:8465: result: yes
configure:8468: checking for -exported_symbols_list linker flag
configure:8488: clang++ -o conftest -std=c++11 -O2 -DNDEBUG -stdlib=libc++ -std=gnu++11  -I/opt/X11/include/ -L/opt/X11/lib -Wl,-exported_symbols_list,conftest.sym conftest.cpp  >&5
configure:8488: $? = 0
configure:8498: result: yes
configure:8501: checking for -force_load linker flag
gcc -g -O2 -c -o conftest.o conftest.c
ar cru libconftest.a conftest.o
ranlib libconftest.a
gcc -g -O2 -L/opt/X11/lib -o conftest conftest.c -Wl,-force_load,./libconftest.a
configure:8533: result: yes
configure:8606: checking for ANSI C header files
configure:8626: clang++ -c -std=c++11 -O2 -DNDEBUG -stdlib=libc++ -std=gnu++11  -I/opt/X11/include/ conftest.cpp >&5
configure:8626: $? = 0
./configure: line 8640: -I/opt/X11/include/: No such file or directory
configure:8710: result: no
configure:8723: checking for sys/types.h
configure:8723: clang++ -c -std=c++11 -O2 -DNDEBUG -stdlib=libc++ -std=gnu++11  -I/opt/X11/include/ conftest.cpp >&5
configure:8723: $? = 0
configure:8723: result: yes
configure:8723: checking for sys/stat.h
configure:8723: clang++ -c -std=c++11 -O2 -DNDEBUG -stdlib=libc++ -std=gnu++11  -I/opt/X11/include/ conftest.cpp >&5
configure:8723: $? = 0
configure:8723: result: yes
configure:8723: checking for stdlib.h
configure:8723: clang++ -c -std=c++11 -O2 -DNDEBUG -stdlib=libc++ -std=gnu++11  -I/opt/X11/include/ conftest.cpp >&5
configure:8723: $? = 0
configure:8723: result: yes
configure:8723: checking for string.h
configure:8723: clang++ -c -std=c++11 -O2 -DNDEBUG -stdlib=libc++ -std=gnu++11  -I/opt/X11/include/ conftest.cpp >&5
configure:8723: $? = 0
configure:8723: result: yes
configure:8723: checking for memory.h
configure:8723: clang++ -c -std=c++11 -O2 -DNDEBUG -stdlib=libc++ -std=gnu++11  -I/opt/X11/include/ conftest.cpp >&5
configure:8723: $? = 0
configure:8723: result: yes
configure:8723: checking for strings.h
configure:8723: clang++ -c -std=c++11 -O2 -DNDEBUG -stdlib=libc++ -std=gnu++11  -I/opt/X11/include/ conftest.cpp >&5
configure:8723: $? = 0
configure:8723: result: yes
configure:8723: checking for inttypes.h
configure:8723: clang++ -c -std=c++11 -O2 -DNDEBUG -stdlib=libc++ -std=gnu++11  -I/opt/X11/include/ conftest.cpp >&5
configure:8723: $? = 0
configure:8723: result: yes
configure:8723: checking for stdint.h
configure:8723: clang++ -c -std=c++11 -O2 -DNDEBUG -stdlib=libc++ -std=gnu++11  -I/opt/X11/include/ conftest.cpp >&5
configure:8723: $? = 0
configure:8723: result: yes
configure:8723: checking for unistd.h
configure:8723: clang++ -c -std=c++11 -O2 -DNDEBUG -stdlib=libc++ -std=gnu++11  -I/opt/X11/include/ conftest.cpp >&5
configure:8723: $? = 0
configure:8723: result: yes
configure:8737: checking for dlfcn.h
configure:8737: clang++ -c -std=c++11 -O2 -DNDEBUG -stdlib=libc++ -std=gnu++11  -I/opt/X11/include/ conftest.cpp >&5
configure:8737: $? = 0
configure:8737: result: yes
configure:9003: checking for objdir
configure:9018: result: .libs
configure:9278: checking if gcc supports -fno-rtti -fno-exceptions
configure:9296: gcc -c -g -O2  -I/opt/X11/include/ -fno-rtti -fno-exceptions conftest.c >&5
configure:9300: $? = 0
configure:9313: result: yes
configure:9671: checking for gcc option to produce PIC
configure:9678: result: -fno-common -DPIC
configure:9686: checking if gcc PIC flag -fno-common -DPIC works
configure:9704: gcc -c -g -O2  -I/opt/X11/include/ -fno-common -DPIC -DPIC conftest.c >&5
configure:9708: $? = 0
configure:9721: result: yes
configure:9750: checking if gcc static flag -static works
configure:9778: result: no
configure:9793: checking if gcc supports -c -o file.o
configure:9814: gcc -c -g -O2  -I/opt/X11/include/ -o out/conftest2.o conftest.c >&5
configure:9818: $? = 0
configure:9840: result: yes
configure:9848: checking if gcc supports -c -o file.o
configure:9895: result: yes
configure:9928: checking whether the gcc linker (/Applications/Xcode.app/Contents/Developer/Toolchains/XcodeDefault.xctoolchain/usr/bin/ld) supports shared libraries
configure:11187: result: yes
configure:11427: checking dynamic linker characteristics
configure:12245: result: darwin16.7.0 dyld
configure:12367: checking how to hardcode library paths into programs
configure:12392: result: immediate
configure:12940: checking whether stripping libraries is possible
configure:12954: result: yes
configure:12980: checking if libtool supports shared libraries
configure:12982: result: yes
configure:12985: checking whether to build shared libraries
configure:13010: result: yes
configure:13013: checking whether to build static libraries
configure:13017: result: yes
configure:13040: checking how to run the C++ preprocessor
configure:13067: clang++ -E  -I/opt/X11/include/ conftest.cpp
configure:13067: $? = 0
configure:13081: clang++ -E  -I/opt/X11/include/ conftest.cpp
conftest.cpp:22:10: fatal error: 'ac_nonexistent.h' file not found
#include <ac_nonexistent.h>
         ^~~~~~~~~~~~~~~~~~
1 error generated.
configure:13081: $? = 1
configure: failed program was:
| /* confdefs.h */
| #define PACKAGE_NAME "sumo"
| #define PACKAGE_TARNAME "sumo"
| #define PACKAGE_VERSION "0.31.0"
| #define PACKAGE_STRING "sumo 0.31.0"
| #define PACKAGE_BUGREPORT ""
| #define PACKAGE_URL ""
| #define PACKAGE "sumo"
| #define VERSION "0.31.0"
| #define HAVE_SYS_TYPES_H 1
| #define HAVE_SYS_STAT_H 1
| #define HAVE_STDLIB_H 1
| #define HAVE_STRING_H 1
| #define HAVE_MEMORY_H 1
| #define HAVE_STRINGS_H 1
| #define HAVE_INTTYPES_H 1
| #define HAVE_STDINT_H 1
| #define HAVE_UNISTD_H 1
| #define HAVE_DLFCN_H 1
| #define LT_OBJDIR ".libs/"
| /* end confdefs.h.  */
| #include <ac_nonexistent.h>
configure:13106: result: clang++ -E
configure:13126: clang++ -E  -I/opt/X11/include/ conftest.cpp
configure:13126: $? = 0
configure:13140: clang++ -E  -I/opt/X11/include/ conftest.cpp
conftest.cpp:22:10: fatal error: 'ac_nonexistent.h' file not found
#include <ac_nonexistent.h>
         ^~~~~~~~~~~~~~~~~~
1 error generated.
configure:13140: $? = 1
configure: failed program was:
| /* confdefs.h */
| #define PACKAGE_NAME "sumo"
| #define PACKAGE_TARNAME "sumo"
| #define PACKAGE_VERSION "0.31.0"
| #define PACKAGE_STRING "sumo 0.31.0"
| #define PACKAGE_BUGREPORT ""
| #define PACKAGE_URL ""
| #define PACKAGE "sumo"
| #define VERSION "0.31.0"
| #define HAVE_SYS_TYPES_H 1
| #define HAVE_SYS_STAT_H 1
| #define HAVE_STDLIB_H 1
| #define HAVE_STRING_H 1
| #define HAVE_MEMORY_H 1
| #define HAVE_STRINGS_H 1
| #define HAVE_INTTYPES_H 1
| #define HAVE_STDINT_H 1
| #define HAVE_UNISTD_H 1
| #define HAVE_DLFCN_H 1
| #define LT_OBJDIR ".libs/"
| /* end confdefs.h.  */
| #include <ac_nonexistent.h>
configure:13302: checking for ld used by clang++
configure:13369: result: /Applications/Xcode.app/Contents/Developer/Toolchains/XcodeDefault.xctoolchain/usr/bin/ld
configure:13376: checking if the linker (/Applications/Xcode.app/Contents/Developer/Toolchains/XcodeDefault.xctoolchain/usr/bin/ld) is GNU ld
configure:13391: result: no
configure:13446: checking whether the clang++ linker (/Applications/Xcode.app/Contents/Developer/Toolchains/XcodeDefault.xctoolchain/usr/bin/ld) supports shared libraries
configure:14519: result: yes
configure:14555: clang++ -c -std=c++11 -O2 -DNDEBUG -stdlib=libc++ -std=gnu++11  -I/opt/X11/include/ conftest.cpp >&5
configure:14558: $? = 0
configure:15039: checking for clang++ option to produce PIC
configure:15046: result: -fno-common -DPIC
configure:15054: checking if clang++ PIC flag -fno-common -DPIC works
configure:15072: clang++ -c -std=c++11 -O2 -DNDEBUG -stdlib=libc++ -std=gnu++11  -I/opt/X11/include/ -fno-common -DPIC -DPIC conftest.cpp >&5
configure:15076: $? = 0
configure:15089: result: yes
configure:15112: checking if clang++ static flag -static works
configure:15140: result: no
configure:15152: checking if clang++ supports -c -o file.o
configure:15173: clang++ -c -std=c++11 -O2 -DNDEBUG -stdlib=libc++ -std=gnu++11  -I/opt/X11/include/ -o out/conftest2.o conftest.cpp >&5
configure:15177: $? = 0
configure:15199: result: yes
configure:15204: checking if clang++ supports -c -o file.o
configure:15251: result: yes
configure:15281: checking whether the clang++ linker (/Applications/Xcode.app/Contents/Developer/Toolchains/XcodeDefault.xctoolchain/usr/bin/ld) supports shared libraries
configure:15321: result: yes
configure:15462: checking dynamic linker characteristics
configure:16207: result: darwin16.7.0 dyld
configure:16272: checking how to hardcode library paths into programs
configure:16297: result: immediate
configure:16493: checking for pkg-config
configure:16511: found /usr/local/bin/pkg-config
configure:16523: result: /usr/local/bin/pkg-config
configure:16548: checking pkg-config is at least version 0.9.0
configure:16551: result: yes
configure:16561: checking for xerces-c >= 3.0
configure:16568: $PKG_CONFIG --exists --print-errors "xerces-c >= 3.0"
Requested 'xerces-c >= 3.0' but version of Xerces-C++ is 
configure:16571: $? = 1
configure:16585: $PKG_CONFIG --exists --print-errors "xerces-c >= 3.0"
Requested 'xerces-c >= 3.0' but version of Xerces-C++ is 
configure:16588: $? = 1
configure:16602: result: no
Requested 'xerces-c >= 3.0' but version of Xerces-C++ is 
configure:16703: checking for main in -lxerces-c
configure:16722: clang++ -o conftest -std=c++11 -O2 -DNDEBUG -stdlib=libc++ -std=gnu++11  -I/opt/X11/include/ -I/opt/local/include -L/usr/local/lib conftest.cpp -lxerces-c   >&5
configure:16722: $? = 0
configure:16732: result: yes
configure:16767: checking xercesc/util/XercesVersion.hpp usability
configure:16767: clang++ -c -std=c++11 -O2 -DNDEBUG -stdlib=libc++ -std=gnu++11 -I/usr/local/include conftest.cpp >&5
configure:16767: $? = 0
configure:16767: result: yes
configure:16767: checking xercesc/util/XercesVersion.hpp presence
configure:16767: clang++ -E -I/usr/local/include conftest.cpp
configure:16767: $? = 0
configure:16767: result: yes
configure:16767: checking for xercesc/util/XercesVersion.hpp
configure:16767: result: yes
configure:16848: checking for main in -lproj
configure:16867: clang++ -o conftest -std=c++11 -O2 -DNDEBUG -stdlib=libc++ -std=gnu++11  -I/opt/X11/include/ -I/opt/local/include -L/usr/local/lib conftest.cpp -lproj   >&5
configure:16867: $? = 0
configure:16876: result: yes
configure:16908: checking proj_api.h usability
configure:16908: clang++ -c -std=c++11 -O2 -DNDEBUG -stdlib=libc++ -std=gnu++11 -I/usr/local/include conftest.cpp >&5
configure:16908: $? = 0
configure:16908: result: yes
configure:16908: checking proj_api.h presence
configure:16908: clang++ -E -I/usr/local/include conftest.cpp
configure:16908: $? = 0
configure:16908: result: yes
configure:16908: checking for proj_api.h
configure:16908: result: yes
configure:16941: checking for gdal-config
configure:16959: found /usr/local/bin/gdal-config
configure:16971: result: /usr/local/bin/gdal-config
configure:17002: checking ogr_api.h usability
configure:17002: clang++ -c -std=c++11 -O2 -DNDEBUG -stdlib=libc++ -std=gnu++11 -I/usr/local/Cellar/gdal/1.11.5_3/include conftest.cpp >&5
configure:17002: $? = 0
configure:17002: result: yes
configure:17002: checking ogr_api.h presence
configure:17002: clang++ -E -I/usr/local/Cellar/gdal/1.11.5_3/include conftest.cpp
configure:17002: $? = 0
configure:17002: result: yes
configure:17002: checking for ogr_api.h
configure:17002: result: yes
configure:17033: checking for fox-config
configure:17051: found /usr/local/bin/fox-config
configure:17063: result: /usr/local/bin/fox-config
configure:17094: checking fxver.h usability
configure:17094: clang++ -c -std=c++11 -O2 -DNDEBUG -stdlib=libc++ -std=gnu++11 -I/usr/local/Cellar/fox/1.6.55/include/fox-1.6 conftest.cpp >&5
configure:17094: $? = 0
configure:17094: result: yes
configure:17094: checking fxver.h presence
configure:17094: clang++ -E -I/usr/local/Cellar/fox/1.6.55/include/fox-1.6 conftest.cpp
configure:17094: $? = 0
configure:17094: result: yes
configure:17094: checking for fxver.h
configure:17094: result: yes
configure:17133: checking for gtest-config
configure:17166: result: no
configure:17320: checking for size_t
configure:17320: clang++ -c -std=c++11 -O2 -DNDEBUG -stdlib=libc++ -std=gnu++11  -I/opt/X11/include/ -I/opt/local/include conftest.cpp >&5
configure:17320: $? = 0
configure:17320: clang++ -c -std=c++11 -O2 -DNDEBUG -stdlib=libc++ -std=gnu++11  -I/opt/X11/include/ -I/opt/local/include conftest.cpp >&5
conftest.cpp:66:21: error: expected expression
if (sizeof ((size_t)))
                    ^
1 error generated.
configure:17320: $? = 1
configure: failed program was:
| /* confdefs.h */
| #define PACKAGE_NAME "sumo"
| #define PACKAGE_TARNAME "sumo"
| #define PACKAGE_VERSION "0.31.0"
| #define PACKAGE_STRING "sumo 0.31.0"
| #define PACKAGE_BUGREPORT ""
| #define PACKAGE_URL ""
| #define PACKAGE "sumo"
| #define VERSION "0.31.0"
| #define HAVE_SYS_TYPES_H 1
| #define HAVE_SYS_STAT_H 1
| #define HAVE_STDLIB_H 1
| #define HAVE_STRING_H 1
| #define HAVE_MEMORY_H 1
| #define HAVE_STRINGS_H 1
| #define HAVE_INTTYPES_H 1
| #define HAVE_STDINT_H 1
| #define HAVE_UNISTD_H 1
| #define HAVE_DLFCN_H 1
| #define LT_OBJDIR ".libs/"
| #define POSITION_EPS 0.1
| #define NUMERICAL_EPS 0.001
| #define VERSION_STRING "0.31.0"
| #define XERCES3_SIZE_t unsigned int
| #define HAVE_PROJ 1
| #define HAVE_GDAL 1
| #define HAVE_FOX 1
| #define HAVE_ENABLED "x86_64-apple-darwin16.7.0 TRACI PROJ GDAL GUI"
| /* end confdefs.h.  */
| #include <stdio.h>
| #ifdef HAVE_SYS_TYPES_H
| # include <sys/types.h>
| #endif
| #ifdef HAVE_SYS_STAT_H
| # include <sys/stat.h>
| #endif
| #ifdef STDC_HEADERS
| # include <stdlib.h>
| # include <stddef.h>
| #else
| # ifdef HAVE_STDLIB_H
| #  include <stdlib.h>
| # endif
| #endif
| #ifdef HAVE_STRING_H
| # if !defined STDC_HEADERS && defined HAVE_MEMORY_H
| #  include <memory.h>
| # endif
| # include <string.h>
| #endif
| #ifdef HAVE_STRINGS_H
| # include <strings.h>
| #endif
| #ifdef HAVE_INTTYPES_H
| # include <inttypes.h>
| #endif
| #ifdef HAVE_STDINT_H
| # include <stdint.h>
| #endif
| #ifdef HAVE_UNISTD_H
| # include <unistd.h>
| #endif
| int
| main ()
| {
| if (sizeof ((size_t)))
| 	    return 0;
|   ;
|   return 0;
| }
configure:17320: result: yes
configure:17333: checking for working alloca.h
configure:17350: clang++ -o conftest -std=c++11 -O2 -DNDEBUG -stdlib=libc++ -std=gnu++11  -I/opt/X11/include/ -I/opt/local/include -L/opt/X11/lib -L/opt/local/lib conftest.cpp  >&5
ld: warning: directory not found for option '-L/opt/local/lib'
configure:17350: $? = 0
configure:17358: result: yes
configure:17366: checking for alloca
configure:17403: clang++ -o conftest -std=c++11 -O2 -DNDEBUG -stdlib=libc++ -std=gnu++11  -I/opt/X11/include/ -I/opt/local/include -L/opt/X11/lib -L/opt/local/lib conftest.cpp  >&5
ld: warning: directory not found for option '-L/opt/local/lib'
configure:17403: $? = 0
configure:17411: result: yes
configure:17517: checking for ANSI C header files
configure:17621: result: no
configure:17632: checking float.h usability
configure:17632: clang++ -c -std=c++11 -O2 -DNDEBUG -stdlib=libc++ -std=gnu++11  -I/opt/X11/include/ -I/opt/local/include conftest.cpp >&5
configure:17632: $? = 0
configure:17632: result: yes
configure:17632: checking float.h presence
configure:17632: clang++ -E  -I/opt/X11/include/ -I/opt/local/include conftest.cpp
configure:17632: $? = 0
configure:17632: result: yes
configure:17632: checking for float.h
configure:17632: result: yes
configure:17632: checking limits.h usability
configure:17632: clang++ -c -std=c++11 -O2 -DNDEBUG -stdlib=libc++ -std=gnu++11  -I/opt/X11/include/ -I/opt/local/include conftest.cpp >&5
configure:17632: $? = 0
configure:17632: result: yes
configure:17632: checking limits.h presence
configure:17632: clang++ -E  -I/opt/X11/include/ -I/opt/local/include conftest.cpp
configure:17632: $? = 0
configure:17632: result: yes
configure:17632: checking for limits.h
configure:17632: result: yes
configure:17632: checking malloc.h usability
configure:17632: clang++ -c -std=c++11 -O2 -DNDEBUG -stdlib=libc++ -std=gnu++11  -I/opt/X11/include/ -I/opt/local/include conftest.cpp >&5
conftest.cpp:67:10: fatal error: 'malloc.h' file not found
#include <malloc.h>
         ^~~~~~~~~~
1 error generated.
configure:17632: $? = 1
configure: failed program was:
| /* confdefs.h */
| #define PACKAGE_NAME "sumo"
| #define PACKAGE_TARNAME "sumo"
| #define PACKAGE_VERSION "0.31.0"
| #define PACKAGE_STRING "sumo 0.31.0"
| #define PACKAGE_BUGREPORT ""
| #define PACKAGE_URL ""
| #define PACKAGE "sumo"
| #define VERSION "0.31.0"
| #define HAVE_SYS_TYPES_H 1
| #define HAVE_SYS_STAT_H 1
| #define HAVE_STDLIB_H 1
| #define HAVE_STRING_H 1
| #define HAVE_MEMORY_H 1
| #define HAVE_STRINGS_H 1
| #define HAVE_INTTYPES_H 1
| #define HAVE_STDINT_H 1
| #define HAVE_UNISTD_H 1
| #define HAVE_DLFCN_H 1
| #define LT_OBJDIR ".libs/"
| #define POSITION_EPS 0.1
| #define NUMERICAL_EPS 0.001
| #define VERSION_STRING "0.31.0"
| #define XERCES3_SIZE_t unsigned int
| #define HAVE_PROJ 1
| #define HAVE_GDAL 1
| #define HAVE_FOX 1
| #define HAVE_ENABLED "x86_64-apple-darwin16.7.0 TRACI PROJ GDAL GUI"
| #define HAVE_ALLOCA_H 1
| #define HAVE_ALLOCA 1
| #define HAVE_FLOAT_H 1
| #define HAVE_LIMITS_H 1
| /* end confdefs.h.  */
| #include <stdio.h>
| #ifdef HAVE_SYS_TYPES_H
| # include <sys/types.h>
| #endif
| #ifdef HAVE_SYS_STAT_H
| # include <sys/stat.h>
| #endif
| #ifdef STDC_HEADERS
| # include <stdlib.h>
| # include <stddef.h>
| #else
| # ifdef HAVE_STDLIB_H
| #  include <stdlib.h>
| # endif
| #endif
| #ifdef HAVE_STRING_H
| # if !defined STDC_HEADERS && defined HAVE_MEMORY_H
| #  include <memory.h>
| # endif
| # include <string.h>
| #endif
| #ifdef HAVE_STRINGS_H
| # include <strings.h>
| #endif
| #ifdef HAVE_INTTYPES_H
| # include <inttypes.h>
| #endif
| #ifdef HAVE_STDINT_H
| # include <stdint.h>
| #endif
| #ifdef HAVE_UNISTD_H
| # include <unistd.h>
| #endif
| #include <malloc.h>
configure:17632: result: no
configure:17632: checking malloc.h presence
configure:17632: clang++ -E  -I/opt/X11/include/ -I/opt/local/include conftest.cpp
conftest.cpp:34:10: fatal error: 'malloc.h' file not found
#include <malloc.h>
         ^~~~~~~~~~
1 error generated.
configure:17632: $? = 1
configure: failed program was:
| /* confdefs.h */
| #define PACKAGE_NAME "sumo"
| #define PACKAGE_TARNAME "sumo"
| #define PACKAGE_VERSION "0.31.0"
| #define PACKAGE_STRING "sumo 0.31.0"
| #define PACKAGE_BUGREPORT ""
| #define PACKAGE_URL ""
| #define PACKAGE "sumo"
| #define VERSION "0.31.0"
| #define HAVE_SYS_TYPES_H 1
| #define HAVE_SYS_STAT_H 1
| #define HAVE_STDLIB_H 1
| #define HAVE_STRING_H 1
| #define HAVE_MEMORY_H 1
| #define HAVE_STRINGS_H 1
| #define HAVE_INTTYPES_H 1
| #define HAVE_STDINT_H 1
| #define HAVE_UNISTD_H 1
| #define HAVE_DLFCN_H 1
| #define LT_OBJDIR ".libs/"
| #define POSITION_EPS 0.1
| #define NUMERICAL_EPS 0.001
| #define VERSION_STRING "0.31.0"
| #define XERCES3_SIZE_t unsigned int
| #define HAVE_PROJ 1
| #define HAVE_GDAL 1
| #define HAVE_FOX 1
| #define HAVE_ENABLED "x86_64-apple-darwin16.7.0 TRACI PROJ GDAL GUI"
| #define HAVE_ALLOCA_H 1
| #define HAVE_ALLOCA 1
| #define HAVE_FLOAT_H 1
| #define HAVE_LIMITS_H 1
| /* end confdefs.h.  */
| #include <malloc.h>
configure:17632: result: no
configure:17632: checking for malloc.h
configure:17632: result: no
configure:17632: checking math.h usability
configure:17632: clang++ -c -std=c++11 -O2 -DNDEBUG -stdlib=libc++ -std=gnu++11  -I/opt/X11/include/ -I/opt/local/include conftest.cpp >&5
configure:17632: $? = 0
configure:17632: result: yes
configure:17632: checking math.h presence
configure:17632: clang++ -E  -I/opt/X11/include/ -I/opt/local/include conftest.cpp
configure:17632: $? = 0
configure:17632: result: yes
configure:17632: checking for math.h
configure:17632: result: yes
configure:17632: checking stddef.h usability
configure:17632: clang++ -c -std=c++11 -O2 -DNDEBUG -stdlib=libc++ -std=gnu++11  -I/opt/X11/include/ -I/opt/local/include conftest.cpp >&5
configure:17632: $? = 0
configure:17632: result: yes
configure:17632: checking stddef.h presence
configure:17632: clang++ -E  -I/opt/X11/include/ -I/opt/local/include conftest.cpp
configure:17632: $? = 0
configure:17632: result: yes
configure:17632: checking for stddef.h
configure:17632: result: yes
configure:17632: checking for stdlib.h
configure:17632: result: yes
configure:17632: checking for string.h
configure:17632: result: yes
configure:17632: checking sys/time.h usability
configure:17632: clang++ -c -std=c++11 -O2 -DNDEBUG -stdlib=libc++ -std=gnu++11  -I/opt/X11/include/ -I/opt/local/include conftest.cpp >&5
configure:17632: $? = 0
configure:17632: result: yes
configure:17632: checking sys/time.h presence
configure:17632: clang++ -E  -I/opt/X11/include/ -I/opt/local/include conftest.cpp
configure:17632: $? = 0
configure:17632: result: yes
configure:17632: checking for sys/time.h
configure:17632: result: yes
configure:17632: checking for unistd.h
configure:17632: result: yes
configure:17632: checking wchar.h usability
configure:17632: clang++ -c -std=c++11 -O2 -DNDEBUG -stdlib=libc++ -std=gnu++11  -I/opt/X11/include/ -I/opt/local/include conftest.cpp >&5
configure:17632: $? = 0
configure:17632: result: yes
configure:17632: checking wchar.h presence
configure:17632: clang++ -E  -I/opt/X11/include/ -I/opt/local/include conftest.cpp
configure:17632: $? = 0
configure:17632: result: yes
configure:17632: checking for wchar.h
configure:17632: result: yes
configure:17643: checking for stdbool.h that conforms to C99
configure:17710: clang++ -c -std=c++11 -O2 -DNDEBUG -stdlib=libc++ -std=gnu++11  -I/opt/X11/include/ -I/opt/local/include conftest.cpp >&5
conftest.cpp:44:15: error: expected unqualified-id
              "error: bool is not defined"
              ^
conftest.cpp:62:48: error: C++ requires a type specifier for all declarations
             struct s { _Bool s: 1; _Bool t; } s;
                                               ^
2 errors generated.
configure:17710: $? = 1
configure: failed program was:
| /* confdefs.h */
| #define PACKAGE_NAME "sumo"
| #define PACKAGE_TARNAME "sumo"
| #define PACKAGE_VERSION "0.31.0"
| #define PACKAGE_STRING "sumo 0.31.0"
| #define PACKAGE_BUGREPORT ""
| #define PACKAGE_URL ""
| #define PACKAGE "sumo"
| #define VERSION "0.31.0"
| #define HAVE_SYS_TYPES_H 1
| #define HAVE_SYS_STAT_H 1
| #define HAVE_STDLIB_H 1
| #define HAVE_STRING_H 1
| #define HAVE_MEMORY_H 1
| #define HAVE_STRINGS_H 1
| #define HAVE_INTTYPES_H 1
| #define HAVE_STDINT_H 1
| #define HAVE_UNISTD_H 1
| #define HAVE_DLFCN_H 1
| #define LT_OBJDIR ".libs/"
| #define POSITION_EPS 0.1
| #define NUMERICAL_EPS 0.001
| #define VERSION_STRING "0.31.0"
| #define XERCES3_SIZE_t unsigned int
| #define HAVE_PROJ 1
| #define HAVE_GDAL 1
| #define HAVE_FOX 1
| #define HAVE_ENABLED "x86_64-apple-darwin16.7.0 TRACI PROJ GDAL GUI"
| #define HAVE_ALLOCA_H 1
| #define HAVE_ALLOCA 1
| #define HAVE_FLOAT_H 1
| #define HAVE_LIMITS_H 1
| #define HAVE_MATH_H 1
| #define HAVE_STDDEF_H 1
| #define HAVE_STDLIB_H 1
| #define HAVE_STRING_H 1
| #define HAVE_SYS_TIME_H 1
| #define HAVE_UNISTD_H 1
| #define HAVE_WCHAR_H 1
| /* end confdefs.h.  */
| 
|              #include <stdbool.h>
|              #ifndef bool
|               "error: bool is not defined"
|              #endif
|              #ifndef false
|               "error: false is not defined"
|              #endif
|              #if false
|               "error: false is not 0"
|              #endif
|              #ifndef true
|               "error: true is not defined"
|              #endif
|              #if true != 1
|               "error: true is not 1"
|              #endif
|              #ifndef __bool_true_false_are_defined
|               "error: __bool_true_false_are_defined is not defined"
|              #endif
| 
|              struct s { _Bool s: 1; _Bool t; } s;
| 
|              char a[true == 1 ? 1 : -1];
|              char b[false == 0 ? 1 : -1];
|              char c[__bool_true_false_are_defined == 1 ? 1 : -1];
|              char d[(bool) 0.5 == true ? 1 : -1];
|              /* See body of main program for 'e'.  */
|              char f[(_Bool) 0.0 == false ? 1 : -1];
|              char g[true];
|              char h[sizeof (_Bool)];
|              char i[sizeof s.t];
|              enum { j = false, k = true, l = false * true, m = true * 256 };
|              /* The following fails for
|                 HP aC++/ANSI C B3910B A.05.55 [Dec 04 2003]. */
|              _Bool n[m];
|              char o[sizeof n == m * sizeof n[0] ? 1 : -1];
|              char p[-1 - (_Bool) 0 < 0 && -1 - (bool) 0 < 0 ? 1 : -1];
|              /* Catch a bug in an HP-UX C compiler.  See
|                 http://gcc.gnu.org/ml/gcc-patches/2003-12/msg02303.html
|                 http://lists.gnu.org/archive/html/bug-coreutils/2005-11/msg00161.html
|               */
|              _Bool q = true;
|              _Bool *pq = &q;
| 
| int
| main ()
| {
| 
|              bool e = &s;
|              *pq |= q;
|              *pq |= ! q;
|              /* Refer to every declared value, to avoid compiler optimizations.  */
|              return (!a + !b + !c + !d + !e + !f + !g + !h + !i + !!j + !k + !!l
|                      + !m + !n + !o + !p + !q + !pq);
| 
|   ;
|   return 0;
| }
configure:17717: result: no
configure:17719: checking for _Bool
configure:17719: clang++ -c -std=c++11 -O2 -DNDEBUG -stdlib=libc++ -std=gnu++11  -I/opt/X11/include/ -I/opt/local/include conftest.cpp >&5
conftest.cpp:77:13: error: use of undeclared identifier '_Bool'
if (sizeof (_Bool))
            ^
1 error generated.
configure:17719: $? = 1
configure: failed program was:
| /* confdefs.h */
| #define PACKAGE_NAME "sumo"
| #define PACKAGE_TARNAME "sumo"
| #define PACKAGE_VERSION "0.31.0"
| #define PACKAGE_STRING "sumo 0.31.0"
| #define PACKAGE_BUGREPORT ""
| #define PACKAGE_URL ""
| #define PACKAGE "sumo"
| #define VERSION "0.31.0"
| #define HAVE_SYS_TYPES_H 1
| #define HAVE_SYS_STAT_H 1
| #define HAVE_STDLIB_H 1
| #define HAVE_STRING_H 1
| #define HAVE_MEMORY_H 1
| #define HAVE_STRINGS_H 1
| #define HAVE_INTTYPES_H 1
| #define HAVE_STDINT_H 1
| #define HAVE_UNISTD_H 1
| #define HAVE_DLFCN_H 1
| #define LT_OBJDIR ".libs/"
| #define POSITION_EPS 0.1
| #define NUMERICAL_EPS 0.001
| #define VERSION_STRING "0.31.0"
| #define XERCES3_SIZE_t unsigned int
| #define HAVE_PROJ 1
| #define HAVE_GDAL 1
| #define HAVE_FOX 1
| #define HAVE_ENABLED "x86_64-apple-darwin16.7.0 TRACI PROJ GDAL GUI"
| #define HAVE_ALLOCA_H 1
| #define HAVE_ALLOCA 1
| #define HAVE_FLOAT_H 1
| #define HAVE_LIMITS_H 1
| #define HAVE_MATH_H 1
| #define HAVE_STDDEF_H 1
| #define HAVE_STDLIB_H 1
| #define HAVE_STRING_H 1
| #define HAVE_SYS_TIME_H 1
| #define HAVE_UNISTD_H 1
| #define HAVE_WCHAR_H 1
| /* end confdefs.h.  */
| #include <stdio.h>
| #ifdef HAVE_SYS_TYPES_H
| # include <sys/types.h>
| #endif
| #ifdef HAVE_SYS_STAT_H
| # include <sys/stat.h>
| #endif
| #ifdef STDC_HEADERS
| # include <stdlib.h>
| # include <stddef.h>
| #else
| # ifdef HAVE_STDLIB_H
| #  include <stdlib.h>
| # endif
| #endif
| #ifdef HAVE_STRING_H
| # if !defined STDC_HEADERS && defined HAVE_MEMORY_H
| #  include <memory.h>
| # endif
| # include <string.h>
| #endif
| #ifdef HAVE_STRINGS_H
| # include <strings.h>
| #endif
| #ifdef HAVE_INTTYPES_H
| # include <inttypes.h>
| #endif
| #ifdef HAVE_STDINT_H
| # include <stdint.h>
| #endif
| #ifdef HAVE_UNISTD_H
| # include <unistd.h>
| #endif
| int
| main ()
| {
| if (sizeof (_Bool))
| 	 return 0;
|   ;
|   return 0;
| }
configure:17719: result: no
configure:17736: checking for an ANSI C-conforming const
configure:17802: clang++ -c -std=c++11 -O2 -DNDEBUG -stdlib=libc++ -std=gnu++11  -I/opt/X11/include/ -I/opt/local/include conftest.cpp >&5
configure:17802: $? = 0
configure:17809: result: yes
configure:17817: checking for inline
configure:17833: clang++ -c -std=c++11 -O2 -DNDEBUG -stdlib=libc++ -std=gnu++11  -I/opt/X11/include/ -I/opt/local/include conftest.cpp >&5
configure:17833: $? = 0
configure:17841: result: inline
configure:17859: checking for size_t
configure:17859: result: yes
configure:17870: checking whether time.h and sys/time.h may both be included
configure:17890: clang++ -c -std=c++11 -O2 -DNDEBUG -stdlib=libc++ -std=gnu++11  -I/opt/X11/include/ -I/opt/local/include conftest.cpp >&5
configure:17890: $? = 0
configure:17897: result: yes
configure:17905: checking whether struct tm is in sys/time.h or time.h
configure:17925: clang++ -c -std=c++11 -O2 -DNDEBUG -stdlib=libc++ -std=gnu++11  -I/opt/X11/include/ -I/opt/local/include conftest.cpp >&5
configure:17925: $? = 0
configure:17932: result: time.h
configure:17940: checking for working volatile
configure:17959: clang++ -c -std=c++11 -O2 -DNDEBUG -stdlib=libc++ -std=gnu++11  -I/opt/X11/include/ -I/opt/local/include conftest.cpp >&5
configure:17959: $? = 0
configure:17966: result: yes
configure:17975: checking for error_at_line
configure:17991: clang++ -o conftest -std=c++11 -O2 -DNDEBUG -stdlib=libc++ -std=gnu++11  -I/opt/X11/include/ -I/opt/local/include -L/opt/X11/lib -L/opt/local/lib conftest.cpp  >&5
conftest.cpp:42:10: fatal error: 'error.h' file not found
#include <error.h>
         ^~~~~~~~~
1 error generated.
configure:17991: $? = 1
configure: failed program was:
| /* confdefs.h */
| #define PACKAGE_NAME "sumo"
| #define PACKAGE_TARNAME "sumo"
| #define PACKAGE_VERSION "0.31.0"
| #define PACKAGE_STRING "sumo 0.31.0"
| #define PACKAGE_BUGREPORT ""
| #define PACKAGE_URL ""
| #define PACKAGE "sumo"
| #define VERSION "0.31.0"
| #define HAVE_SYS_TYPES_H 1
| #define HAVE_SYS_STAT_H 1
| #define HAVE_STDLIB_H 1
| #define HAVE_STRING_H 1
| #define HAVE_MEMORY_H 1
| #define HAVE_STRINGS_H 1
| #define HAVE_INTTYPES_H 1
| #define HAVE_STDINT_H 1
| #define HAVE_UNISTD_H 1
| #define HAVE_DLFCN_H 1
| #define LT_OBJDIR ".libs/"
| #define POSITION_EPS 0.1
| #define NUMERICAL_EPS 0.001
| #define VERSION_STRING "0.31.0"
| #define XERCES3_SIZE_t unsigned int
| #define HAVE_PROJ 1
| #define HAVE_GDAL 1
| #define HAVE_FOX 1
| #define HAVE_ENABLED "x86_64-apple-darwin16.7.0 TRACI PROJ GDAL GUI"
| #define HAVE_ALLOCA_H 1
| #define HAVE_ALLOCA 1
| #define HAVE_FLOAT_H 1
| #define HAVE_LIMITS_H 1
| #define HAVE_MATH_H 1
| #define HAVE_STDDEF_H 1
| #define HAVE_STDLIB_H 1
| #define HAVE_STRING_H 1
| #define HAVE_SYS_TIME_H 1
| #define HAVE_UNISTD_H 1
| #define HAVE_WCHAR_H 1
| #define TIME_WITH_SYS_TIME 1
| /* end confdefs.h.  */
| #include <error.h>
| int
| main ()
| {
| error_at_line (0, 0, "", 0, "an error occurred");
|   ;
|   return 0;
| }
configure:17999: result: no
configure:18013: checking sys/select.h usability
configure:18013: clang++ -c -std=c++11 -O2 -DNDEBUG -stdlib=libc++ -std=gnu++11  -I/opt/X11/include/ -I/opt/local/include conftest.cpp >&5
configure:18013: $? = 0
configure:18013: result: yes
configure:18013: checking sys/select.h presence
configure:18013: clang++ -E  -I/opt/X11/include/ -I/opt/local/include conftest.cpp
configure:18013: $? = 0
configure:18013: result: yes
configure:18013: checking for sys/select.h
configure:18013: result: yes
configure:18013: checking sys/socket.h usability
configure:18013: clang++ -c -std=c++11 -O2 -DNDEBUG -stdlib=libc++ -std=gnu++11  -I/opt/X11/include/ -I/opt/local/include conftest.cpp >&5
configure:18013: $? = 0
configure:18013: result: yes
configure:18013: checking sys/socket.h presence
configure:18013: clang++ -E  -I/opt/X11/include/ -I/opt/local/include conftest.cpp
configure:18013: $? = 0
configure:18013: result: yes
configure:18013: checking for sys/socket.h
configure:18013: result: yes
configure:18023: checking types of arguments for select
configure:18051: clang++ -c -std=c++11 -O2 -DNDEBUG -stdlib=libc++ -std=gnu++11  -I/opt/X11/include/ -I/opt/local/include conftest.cpp >&5
configure:18051: $? = 0
configure:18062: result: int,fd_set *,struct timeval *
configure:18085: checking return type of signal handlers
configure:18103: clang++ -c -std=c++11 -O2 -DNDEBUG -stdlib=libc++ -std=gnu++11  -I/opt/X11/include/ -I/opt/local/include conftest.cpp >&5
conftest.cpp:53:8: error: indirection requires pointer operand ('void' invalid)
return *(signal (0, 0)) (0) == 1;
       ^~~~~~~~~~~~~~~~~~~~
1 error generated.
configure:18103: $? = 1
configure: failed program was:
| /* confdefs.h */
| #define PACKAGE_NAME "sumo"
| #define PACKAGE_TARNAME "sumo"
| #define PACKAGE_VERSION "0.31.0"
| #define PACKAGE_STRING "sumo 0.31.0"
| #define PACKAGE_BUGREPORT ""
| #define PACKAGE_URL ""
| #define PACKAGE "sumo"
| #define VERSION "0.31.0"
| #define HAVE_SYS_TYPES_H 1
| #define HAVE_SYS_STAT_H 1
| #define HAVE_STDLIB_H 1
| #define HAVE_STRING_H 1
| #define HAVE_MEMORY_H 1
| #define HAVE_STRINGS_H 1
| #define HAVE_INTTYPES_H 1
| #define HAVE_STDINT_H 1
| #define HAVE_UNISTD_H 1
| #define HAVE_DLFCN_H 1
| #define LT_OBJDIR ".libs/"
| #define POSITION_EPS 0.1
| #define NUMERICAL_EPS 0.001
| #define VERSION_STRING "0.31.0"
| #define XERCES3_SIZE_t unsigned int
| #define HAVE_PROJ 1
| #define HAVE_GDAL 1
| #define HAVE_FOX 1
| #define HAVE_ENABLED "x86_64-apple-darwin16.7.0 TRACI PROJ GDAL GUI"
| #define HAVE_ALLOCA_H 1
| #define HAVE_ALLOCA 1
| #define HAVE_FLOAT_H 1
| #define HAVE_LIMITS_H 1
| #define HAVE_MATH_H 1
| #define HAVE_STDDEF_H 1
| #define HAVE_STDLIB_H 1
| #define HAVE_STRING_H 1
| #define HAVE_SYS_TIME_H 1
| #define HAVE_UNISTD_H 1
| #define HAVE_WCHAR_H 1
| #define TIME_WITH_SYS_TIME 1
| #define HAVE_SYS_SELECT_H 1
| #define HAVE_SYS_SOCKET_H 1
| #define SELECT_TYPE_ARG1 int
| #define SELECT_TYPE_ARG234 (fd_set *)
| #define SELECT_TYPE_ARG5 (struct timeval *)
| /* end confdefs.h.  */
| #include <sys/types.h>
| #include <signal.h>
| 
| int
| main ()
| {
| return *(signal (0, 0)) (0) == 1;
|   ;
|   return 0;
| }
configure:18110: result: void
configure:18118: checking whether lstat correctly handles trailing slash
configure:18144: clang++ -o conftest -std=c++11 -O2 -DNDEBUG -stdlib=libc++ -std=gnu++11  -I/opt/X11/include/ -I/opt/local/include -L/opt/X11/lib -L/opt/local/lib conftest.cpp  >&5
ld: warning: directory not found for option '-L/opt/local/lib'
configure:18144: $? = 0
configure:18144: ./conftest
configure:18144: $? = 1
configure: program exited with status 1
configure: failed program was:
| /* confdefs.h */
| #define PACKAGE_NAME "sumo"
| #define PACKAGE_TARNAME "sumo"
| #define PACKAGE_VERSION "0.31.0"
| #define PACKAGE_STRING "sumo 0.31.0"
| #define PACKAGE_BUGREPORT ""
| #define PACKAGE_URL ""
| #define PACKAGE "sumo"
| #define VERSION "0.31.0"
| #define HAVE_SYS_TYPES_H 1
| #define HAVE_SYS_STAT_H 1
| #define HAVE_STDLIB_H 1
| #define HAVE_STRING_H 1
| #define HAVE_MEMORY_H 1
| #define HAVE_STRINGS_H 1
| #define HAVE_INTTYPES_H 1
| #define HAVE_STDINT_H 1
| #define HAVE_UNISTD_H 1
| #define HAVE_DLFCN_H 1
| #define LT_OBJDIR ".libs/"
| #define POSITION_EPS 0.1
| #define NUMERICAL_EPS 0.001
| #define VERSION_STRING "0.31.0"
| #define XERCES3_SIZE_t unsigned int
| #define HAVE_PROJ 1
| #define HAVE_GDAL 1
| #define HAVE_FOX 1
| #define HAVE_ENABLED "x86_64-apple-darwin16.7.0 TRACI PROJ GDAL GUI"
| #define HAVE_ALLOCA_H 1
| #define HAVE_ALLOCA 1
| #define HAVE_FLOAT_H 1
| #define HAVE_LIMITS_H 1
| #define HAVE_MATH_H 1
| #define HAVE_STDDEF_H 1
| #define HAVE_STDLIB_H 1
| #define HAVE_STRING_H 1
| #define HAVE_SYS_TIME_H 1
| #define HAVE_UNISTD_H 1
| #define HAVE_WCHAR_H 1
| #define TIME_WITH_SYS_TIME 1
| #define HAVE_SYS_SELECT_H 1
| #define HAVE_SYS_SOCKET_H 1
| #define SELECT_TYPE_ARG1 int
| #define SELECT_TYPE_ARG234 (fd_set *)
| #define SELECT_TYPE_ARG5 (struct timeval *)
| #define RETSIGTYPE void
| /* end confdefs.h.  */
| #include <stdio.h>
| #ifdef HAVE_SYS_TYPES_H
| # include <sys/types.h>
| #endif
| #ifdef HAVE_SYS_STAT_H
| # include <sys/stat.h>
| #endif
| #ifdef STDC_HEADERS
| # include <stdlib.h>
| # include <stddef.h>
| #else
| # ifdef HAVE_STDLIB_H
| #  include <stdlib.h>
| # endif
| #endif
| #ifdef HAVE_STRING_H
| # if !defined STDC_HEADERS && defined HAVE_MEMORY_H
| #  include <memory.h>
| # endif
| # include <string.h>
| #endif
| #ifdef HAVE_STRINGS_H
| # include <strings.h>
| #endif
| #ifdef HAVE_INTTYPES_H
| # include <inttypes.h>
| #endif
| #ifdef HAVE_STDINT_H
| # include <stdint.h>
| #endif
| #ifdef HAVE_UNISTD_H
| # include <unistd.h>
| #endif
| int
| main ()
| {
| struct stat sbuf;
|      /* Linux will dereference the symlink and fail, as required by POSIX.
| 	That is better in the sense that it means we will not
| 	have to compile and use the lstat wrapper.  */
|      return lstat ("conftest.sym/", &sbuf) == 0;
|   ;
|   return 0;
| }
configure:18161: result: no
configure:18180: checking whether stat accepts an empty string
configure:18200: clang++ -o conftest -std=c++11 -O2 -DNDEBUG -stdlib=libc++ -std=gnu++11  -I/opt/X11/include/ -I/opt/local/include -L/opt/X11/lib -L/opt/local/lib conftest.cpp  >&5
ld: warning: directory not found for option '-L/opt/local/lib'
configure:18200: $? = 0
configure:18200: ./conftest
configure:18200: $? = 0
configure:18210: result: no
configure:18229: checking for floor
configure:18229: clang++ -o conftest -std=c++11 -O2 -DNDEBUG -stdlib=libc++ -std=gnu++11  -I/opt/X11/include/ -I/opt/local/include -L/opt/X11/lib -L/opt/local/lib conftest.cpp  >&5
ld: warning: directory not found for option '-L/opt/local/lib'
configure:18229: $? = 0
configure:18229: result: yes
configure:18229: checking for getcwd
configure:18229: clang++ -o conftest -std=c++11 -O2 -DNDEBUG -stdlib=libc++ -std=gnu++11  -I/opt/X11/include/ -I/opt/local/include -L/opt/X11/lib -L/opt/local/lib conftest.cpp  >&5
ld: warning: directory not found for option '-L/opt/local/lib'
configure:18229: $? = 0
configure:18229: result: yes
configure:18229: checking for gettimeofday
configure:18229: clang++ -o conftest -std=c++11 -O2 -DNDEBUG -stdlib=libc++ -std=gnu++11  -I/opt/X11/include/ -I/opt/local/include -L/opt/X11/lib -L/opt/local/lib conftest.cpp  >&5
ld: warning: directory not found for option '-L/opt/local/lib'
configure:18229: $? = 0
configure:18229: result: yes
configure:18229: checking for memset
configure:18229: clang++ -o conftest -std=c++11 -O2 -DNDEBUG -stdlib=libc++ -std=gnu++11  -I/opt/X11/include/ -I/opt/local/include -L/opt/X11/lib -L/opt/local/lib conftest.cpp  >&5
ld: warning: directory not found for option '-L/opt/local/lib'
configure:18229: $? = 0
configure:18229: result: yes
configure:18229: checking for pow
configure:18229: clang++ -o conftest -std=c++11 -O2 -DNDEBUG -stdlib=libc++ -std=gnu++11  -I/opt/X11/include/ -I/opt/local/include -L/opt/X11/lib -L/opt/local/lib conftest.cpp  >&5
ld: warning: directory not found for option '-L/opt/local/lib'
configure:18229: $? = 0
configure:18229: result: yes
configure:18229: checking for select
configure:18229: clang++ -o conftest -std=c++11 -O2 -DNDEBUG -stdlib=libc++ -std=gnu++11  -I/opt/X11/include/ -I/opt/local/include -L/opt/X11/lib -L/opt/local/lib conftest.cpp  >&5
ld: warning: directory not found for option '-L/opt/local/lib'
configure:18229: $? = 0
configure:18229: result: yes
configure:18229: checking for socket
configure:18229: clang++ -o conftest -std=c++11 -O2 -DNDEBUG -stdlib=libc++ -std=gnu++11  -I/opt/X11/include/ -I/opt/local/include -L/opt/X11/lib -L/opt/local/lib conftest.cpp  >&5
ld: warning: directory not found for option '-L/opt/local/lib'
configure:18229: $? = 0
configure:18229: result: yes
configure:18229: checking for sqrt
configure:18229: clang++ -o conftest -std=c++11 -O2 -DNDEBUG -stdlib=libc++ -std=gnu++11  -I/opt/X11/include/ -I/opt/local/include -L/opt/X11/lib -L/opt/local/lib conftest.cpp  >&5
ld: warning: directory not found for option '-L/opt/local/lib'
configure:18229: $? = 0
configure:18229: result: yes
configure:18351: checking that generated files are newer than configure
configure:18357: result: done
configure:18400: creating ./config.status

## ---------------------- ##
## Running config.status. ##
## ---------------------- ##

This file was extended by sumo config.status 0.31.0, which was
generated by GNU Autoconf 2.69.  Invocation command line was

  CONFIG_FILES    = 
  CONFIG_HEADERS  = 
  CONFIG_LINKS    = 
  CONFIG_COMMANDS = 
  $ ./config.status 

on Aums-MBP.wv.cc.cmu.edu

config.status:1290: creating src/Makefile
config.status:1290: creating src/activitygen/Makefile
config.status:1290: creating src/activitygen/activities/Makefile
config.status:1290: creating src/activitygen/city/Makefile
config.status:1290: creating src/foreign/Makefile
config.status:1290: creating src/foreign/eulerspiral/Makefile
config.status:1290: creating src/foreign/gl2ps/Makefile
config.status:1290: creating src/foreign/PHEMlight/Makefile
config.status:1290: creating src/foreign/PHEMlight/cpp/Makefile
config.status:1290: creating src/foreign/polyfonts/Makefile
config.status:1290: creating src/foreign/rtree/Makefile
config.status:1290: creating src/foreign/tcpip/Makefile
config.status:1290: creating src/gui/Makefile
config.status:1290: creating src/gui/dialogs/Makefile
config.status:1290: creating src/guinetload/Makefile
config.status:1290: creating src/guisim/Makefile
config.status:1290: creating src/microsim/Makefile
config.status:1290: creating src/microsim/actions/Makefile
config.status:1290: creating src/microsim/cfmodels/Makefile
config.status:1290: creating src/microsim/devices/Makefile
config.status:1290: creating src/microsim/lcmodels/Makefile
config.status:1290: creating src/microsim/logging/Makefile
config.status:1290: creating src/microsim/output/Makefile
config.status:1290: creating src/microsim/pedestrians/Makefile
config.status:1290: creating src/microsim/traffic_lights/Makefile
config.status:1290: creating src/microsim/trigger/Makefile
config.status:1290: creating src/marouter/Makefile
config.status:1290: creating src/netbuild/Makefile
config.status:1290: creating src/netedit/Makefile
config.status:1290: creating src/mesogui/Makefile
config.status:1290: creating src/mesosim/Makefile
config.status:1290: creating src/osgview/Makefile
config.status:1290: creating src/netgen/Makefile
config.status:1290: creating src/netimport/Makefile
config.status:1290: creating src/netimport/vissim/Makefile
config.status:1290: creating src/netimport/vissim/tempstructs/Makefile
config.status:1290: creating src/netimport/vissim/typeloader/Makefile
config.status:1290: creating src/netload/Makefile
config.status:1290: creating src/netwrite/Makefile
config.status:1290: creating src/od/Makefile
config.status:1290: creating src/polyconvert/Makefile
config.status:1290: creating src/router/Makefile
config.status:1290: creating src/dfrouter/Makefile
config.status:1290: creating src/duarouter/Makefile
config.status:1290: creating src/jtrrouter/Makefile
config.status:1290: creating src/tools/Makefile
config.status:1290: creating src/traci_testclient/Makefile
config.status:1290: creating src/traci-server/Makefile
config.status:1290: creating src/traci-server/lib/Makefile
config.status:1290: creating src/utils/Makefile
config.status:1290: creating src/utils/common/Makefile
config.status:1290: creating src/utils/distribution/Makefile
config.status:1290: creating src/utils/emissions/Makefile
config.status:1290: creating src/utils/foxtools/Makefile
config.status:1290: creating src/utils/geom/Makefile
config.status:1290: creating src/utils/gui/Makefile
config.status:1290: creating src/utils/gui/div/Makefile
config.status:1290: creating src/utils/gui/events/Makefile
config.status:1290: creating src/utils/gui/globjects/Makefile
config.status:1290: creating src/utils/gui/images/Makefile
config.status:1290: creating src/utils/gui/settings/Makefile
config.status:1290: creating src/utils/gui/tracker/Makefile
config.status:1290: creating src/utils/gui/windows/Makefile
config.status:1290: creating src/utils/importio/Makefile
config.status:1290: creating src/utils/iodevices/Makefile
config.status:1290: creating src/utils/options/Makefile
config.status:1290: creating src/utils/shapes/Makefile
config.status:1290: creating src/utils/traci/Makefile
config.status:1290: creating src/utils/vehicle/Makefile
config.status:1290: creating src/utils/xml/Makefile
config.status:1290: creating unittest/Makefile
config.status:1290: creating unittest/src/Makefile
config.status:1290: creating unittest/src/microsim/Makefile
config.status:1290: creating unittest/src/netbuild/Makefile
config.status:1290: creating unittest/src/utils/Makefile
config.status:1290: creating unittest/src/utils/common/Makefile
config.status:1290: creating unittest/src/utils/foxtools/Makefile
config.status:1290: creating unittest/src/utils/geom/Makefile
config.status:1290: creating unittest/src/utils/iodevices/Makefile
config.status:1290: creating bin/Makefile
config.status:1290: creating Makefile
config.status:1290: creating src/config.h
config.status:1519: executing depfiles commands
config.status:1519: executing libtool commands
configure:20890: result: 
configure:20892: result: Optional features summary
configure:20894: result: -------------------------
configure:20896: result: Enabled: TRACI PROJ GDAL GUI
configure:20898: result: Disabled: Debug Profiling Coverage PIC UnitTests Python OSG ffmpeg

## ---------------- ##
## Cache variables. ##
## ---------------- ##

ac_cv_build=x86_64-apple-darwin16.7.0
ac_cv_c_compiler_gnu=yes
ac_cv_c_const=yes
ac_cv_c_inline=inline
ac_cv_c_volatile=yes
ac_cv_cxx_compiler_gnu=yes
ac_cv_env_CCC_set=
ac_cv_env_CCC_value=
ac_cv_env_CC_set=
ac_cv_env_CC_value=
ac_cv_env_CFLAGS_set=
ac_cv_env_CFLAGS_value=
ac_cv_env_CPPFLAGS_set=set
ac_cv_env_CPPFLAGS_value=' -I/opt/X11/include/'
ac_cv_env_CPP_set=
ac_cv_env_CPP_value=
ac_cv_env_CXXCPP_set=
ac_cv_env_CXXCPP_value=
ac_cv_env_CXXFLAGS_set=set
ac_cv_env_CXXFLAGS_value='-stdlib=libc++ -std=gnu++11'
ac_cv_env_CXX_set=set
ac_cv_env_CXX_value=clang++
ac_cv_env_LDFLAGS_set=set
ac_cv_env_LDFLAGS_value=-L/opt/X11/lib
ac_cv_env_LIBS_set=
ac_cv_env_LIBS_value=
ac_cv_env_LT_SYS_LIBRARY_PATH_set=
ac_cv_env_LT_SYS_LIBRARY_PATH_value=
ac_cv_env_PKG_CONFIG_LIBDIR_set=
ac_cv_env_PKG_CONFIG_LIBDIR_value=
ac_cv_env_PKG_CONFIG_PATH_set=
ac_cv_env_PKG_CONFIG_PATH_value=
ac_cv_env_PKG_CONFIG_set=
ac_cv_env_PKG_CONFIG_value=
ac_cv_env_XERCES_CFLAGS_set=
ac_cv_env_XERCES_CFLAGS_value=
ac_cv_env_XERCES_LIBS_set=
ac_cv_env_XERCES_LIBS_value=
ac_cv_env_build_alias_set=
ac_cv_env_build_alias_value=
ac_cv_env_host_alias_set=
ac_cv_env_host_alias_value=
ac_cv_env_target_alias_set=
ac_cv_env_target_alias_value=
ac_cv_func_alloca_works=yes
ac_cv_func_floor=yes
ac_cv_func_getcwd=yes
ac_cv_func_gettimeofday=yes
ac_cv_func_lstat_dereferences_slashed_symlink=no
ac_cv_func_memset=yes
ac_cv_func_pow=yes
ac_cv_func_select=yes
ac_cv_func_select_args='int,fd_set *,struct timeval *'
ac_cv_func_socket=yes
ac_cv_func_sqrt=yes
ac_cv_func_stat_empty_string_bug=no
ac_cv_header_dlfcn_h=yes
ac_cv_header_float_h=yes
ac_cv_header_fxver_h=yes
ac_cv_header_inttypes_h=yes
ac_cv_header_limits_h=yes
ac_cv_header_malloc_h=no
ac_cv_header_math_h=yes
ac_cv_header_memory_h=yes
ac_cv_header_ogr_api_h=yes
ac_cv_header_proj_api_h=yes
ac_cv_header_stdbool_h=no
ac_cv_header_stdc=no
ac_cv_header_stddef_h=yes
ac_cv_header_stdint_h=yes
ac_cv_header_stdlib_h=yes
ac_cv_header_string_h=yes
ac_cv_header_strings_h=yes
ac_cv_header_sys_select_h=yes
ac_cv_header_sys_socket_h=yes
ac_cv_header_sys_stat_h=yes
ac_cv_header_sys_time_h=yes
ac_cv_header_sys_types_h=yes
ac_cv_header_time=yes
ac_cv_header_unistd_h=yes
ac_cv_header_wchar_h=yes
ac_cv_header_xercesc_util_XercesVersion_hpp=yes
ac_cv_host=x86_64-apple-darwin16.7.0
ac_cv_lib_error_at_line=no
ac_cv_lib_proj_main=yes
ac_cv_lib_xerces_c___main=yes
ac_cv_objext=o
ac_cv_path_EGREP='/usr/bin/grep -E'
ac_cv_path_FGREP='/usr/bin/grep -F'
ac_cv_path_FOX_CONFIG=/usr/local/bin/fox-config
ac_cv_path_GDAL_CONFIG=/usr/local/bin/gdal-config
ac_cv_path_GREP=/usr/bin/grep
ac_cv_path_SED=/usr/bin/sed
ac_cv_path_ac_pt_PKG_CONFIG=/usr/local/bin/pkg-config
ac_cv_path_install='/usr/bin/install -c'
ac_cv_path_lt_DD=/bin/dd
ac_cv_prog_AWK=awk
ac_cv_prog_CPP='gcc -E'
ac_cv_prog_CXXCPP='clang++ -E'
ac_cv_prog_ac_ct_AR=ar
ac_cv_prog_ac_ct_CC=gcc
ac_cv_prog_ac_ct_DSYMUTIL=dsymutil
ac_cv_prog_ac_ct_LIPO=lipo
ac_cv_prog_ac_ct_NMEDIT=nmedit
ac_cv_prog_ac_ct_OBJDUMP=objdump
ac_cv_prog_ac_ct_OTOOL=otool
ac_cv_prog_ac_ct_RANLIB=ranlib
ac_cv_prog_ac_ct_STRIP=strip
ac_cv_prog_cc_c89=
ac_cv_prog_cc_g=yes
ac_cv_prog_cxx_g=yes
ac_cv_prog_make_make_set=yes
ac_cv_struct_tm=time.h
ac_cv_target=x86_64-apple-darwin16.7.0
ac_cv_type__Bool=no
ac_cv_type_signal=void
ac_cv_type_size_t=yes
ac_cv_working_alloca_h=yes
am_cv_CC_dependencies_compiler_type=gcc3
am_cv_CXX_dependencies_compiler_type=gcc3
am_cv_make_support_nested_variables=yes
am_cv_prog_cc_c_o=yes
am_cv_prog_tar_ustar=gnutar
lt_cv_apple_cc_single_mod=yes
lt_cv_ar_at_file=no
lt_cv_deplibs_check_method=pass_all
lt_cv_file_magic_cmd='$MAGIC_CMD'
lt_cv_file_magic_test_file=
lt_cv_ld_exported_symbols_list=yes
lt_cv_ld_force_load=yes
lt_cv_ld_reload_flag=-r
lt_cv_nm_interface='BSD nm'
lt_cv_objdir=.libs
lt_cv_path_LD=/Applications/Xcode.app/Contents/Developer/Toolchains/XcodeDefault.xctoolchain/usr/bin/ld
lt_cv_path_LDCXX=/Applications/Xcode.app/Contents/Developer/Toolchains/XcodeDefault.xctoolchain/usr/bin/ld
lt_cv_path_NM='/usr/bin/nm -B'
lt_cv_path_mainfest_tool=no
lt_cv_prog_compiler_c_o=yes
lt_cv_prog_compiler_c_o_CXX=yes
lt_cv_prog_compiler_pic='-fno-common -DPIC'
lt_cv_prog_compiler_pic_CXX='-fno-common -DPIC'
lt_cv_prog_compiler_pic_works=yes
lt_cv_prog_compiler_pic_works_CXX=yes
lt_cv_prog_compiler_rtti_exceptions=yes
lt_cv_prog_compiler_static_works=no
lt_cv_prog_compiler_static_works_CXX=no
lt_cv_prog_gnu_ld=no
lt_cv_prog_gnu_ldcxx=no
lt_cv_sharedlib_from_linklib_cmd='printf %s\n'
lt_cv_sys_global_symbol_pipe='sed -n -e '\''s/^.*[	 ]\([BCDEGRST][BCDEGRST]*\)[	 ][	 ]*_\([_A-Za-z][_A-Za-z0-9]*\)$/\1 _\2 \2/p'\'' | sed '\''/ __gnu_lto/d'\'''
lt_cv_sys_global_symbol_to_c_name_address='sed -n -e '\''s/^: \(.*\) .*$/  {"\1", (void *) 0},/p'\'' -e '\''s/^[BCDEGRST][BCDEGRST]* .* \(.*\)$/  {"\1", (void *) \&\1},/p'\'''
lt_cv_sys_global_symbol_to_c_name_address_lib_prefix='sed -n -e '\''s/^: \(.*\) .*$/  {"\1", (void *) 0},/p'\'' -e '\''s/^[BCDEGRST][BCDEGRST]* .* \(lib.*\)$/  {"\1", (void *) \&\1},/p'\'' -e '\''s/^[BCDEGRST][BCDEGRST]* .* \(.*\)$/  {"lib\1", (void *) \&\1},/p'\'''
lt_cv_sys_global_symbol_to_cdecl='sed -n -e '\''s/^T .* \(.*\)$/extern int \1();/p'\'' -e '\''s/^[BCDEGRST][BCDEGRST]* .* \(.*\)$/extern char \1;/p'\'''
lt_cv_sys_global_symbol_to_import=
lt_cv_sys_max_cmd_len=196608
lt_cv_to_host_file_cmd=func_convert_file_noop
lt_cv_to_tool_file_cmd=func_convert_file_noop
lt_cv_truncate_bin='/bin/dd bs=4096 count=1'

## ----------------- ##
## Output variables. ##
## ----------------- ##

ACLOCAL='${SHELL} /Users/aum.jadhav/Documents/Programming/cmu_robostats/deeprl_driving_behaviors/sumo-0.31.0/missing aclocal-1.15'
ALLOCA=''
AMDEPBACKSLASH='\'
AMDEP_FALSE='#'
AMDEP_TRUE=''
AMTAR='$${TAR-tar}'
AM_BACKSLASH='\'
AM_CPPFLAGS='-I/Users/aum.jadhav/Documents/Programming/cmu_robostats/deeprl_driving_behaviors/sumo-0.31.0/./src -I/usr/local/Cellar/fox/1.6.55/include/fox-1.6 -I/usr/local/Cellar/gdal/1.11.5_3/include -I/usr/local/include -I/usr/local/include '
AM_CXXFLAGS=''
AM_DEFAULT_V='$(AM_DEFAULT_VERBOSITY)'
AM_DEFAULT_VERBOSITY='1'
AM_V='$(V)'
AR='ar'
AUTOCONF='${SHELL} /Users/aum.jadhav/Documents/Programming/cmu_robostats/deeprl_driving_behaviors/sumo-0.31.0/missing autoconf'
AUTOHEADER='${SHELL} /Users/aum.jadhav/Documents/Programming/cmu_robostats/deeprl_driving_behaviors/sumo-0.31.0/missing autoheader'
AUTOMAKE='${SHELL} /Users/aum.jadhav/Documents/Programming/cmu_robostats/deeprl_driving_behaviors/sumo-0.31.0/missing automake-1.15'
AWK='awk'
CC='gcc'
CCDEPMODE='depmode=gcc3'
CFLAGS='-g -O2'
CPP='gcc -E'
CPPFLAGS=' -I/opt/X11/include/ -I/opt/local/include'
CXX='clang++'
CXXCPP='clang++ -E'
CXXDEPMODE='depmode=gcc3'
CXXFLAGS='-std=c++11 -O2 -DNDEBUG -stdlib=libc++ -std=gnu++11'
CYGPATH_W='echo'
DEFS='-DHAVE_CONFIG_H'
DEPDIR='.deps'
DLLTOOL='false'
DSYMUTIL='dsymutil'
DUMPBIN=''
ECHO_C='\c'
ECHO_N=''
ECHO_T=''
EGREP='/usr/bin/grep -E'
EXEEXT=''
FFMPEG_LIBS=''
FGREP='/usr/bin/grep -F'
FOX_CONFIG='/usr/local/bin/fox-config'
FOX_LDFLAGS='-L/usr/local/Cellar/fox/1.6.55/lib -lFOX-1.6 -lX11 -lXext -lfreetype -lfontconfig -lXft -lXcursor -lXrender -lXrandr -lXfixes -lXi -lGL -lGLU -ldl -lpthread -ljpeg -lpng -ltiff -lz -lbz2 -lGLU -lGL'
GDAL_CONFIG='/usr/local/bin/gdal-config'
GDAL_LDFLAGS='-L/usr/local/Cellar/gdal/1.11.5_3/lib -lgdal'
GREP='/usr/bin/grep'
GTEST_CONFIG=''
GTEST_LDFLAGS=''
INSTALL_DATA='${INSTALL} -m 644'
INSTALL_PROGRAM='${INSTALL}'
INSTALL_SCRIPT='${INSTALL}'
INSTALL_STRIP_PROGRAM='$(install_sh) -c -s'
LD='/Applications/Xcode.app/Contents/Developer/Toolchains/XcodeDefault.xctoolchain/usr/bin/ld'
LDFLAGS='-L/opt/X11/lib -L/opt/local/lib'
LIBOBJS=' ${LIBOBJDIR}error$U.o ${LIBOBJDIR}lstat$U.o'
LIBS=''
LIBTOOL='$(SHELL) $(top_builddir)/libtool'
LIB_XERCES='xerces-c'
LIPO='lipo'
LN_S='ln -s'
LTLIBOBJS=' ${LIBOBJDIR}error$U.lo ${LIBOBJDIR}lstat$U.lo'
LT_SYS_LIBRARY_PATH=''
MAKEINFO='${SHELL} /Users/aum.jadhav/Documents/Programming/cmu_robostats/deeprl_driving_behaviors/sumo-0.31.0/missing makeinfo'
MANIFEST_TOOL=':'
MKDIR_P='./install-sh -c -d'
NM='/usr/bin/nm -B'
NMEDIT='nmedit'
OBJDUMP='objdump'
OBJEXT='o'
OSG_LIBS=''
OTOOL64=':'
OTOOL='otool'
PACKAGE='sumo'
PACKAGE_BUGREPORT=''
PACKAGE_NAME='sumo'
PACKAGE_STRING='sumo 0.31.0'
PACKAGE_TARNAME='sumo'
PACKAGE_URL=''
PACKAGE_VERSION='0.31.0'
PATH_SEPARATOR=':'
PKG_CONFIG='/usr/local/bin/pkg-config'
PKG_CONFIG_LIBDIR=''
PKG_CONFIG_PATH=''
PROJ_LDFLAGS='-L/usr/local/lib -lproj'
PYTHON_LIBS=''
RANLIB='ranlib'
SED='/usr/bin/sed'
SET_MAKE=''
SHELL='/bin/sh'
STRIP='strip'
TRACI_FALSE='#'
TRACI_TRUE=''
VERSION='0.31.0'
WITH_GTEST_FALSE=''
WITH_GTEST_TRUE='#'
WITH_GUI_FALSE='#'
WITH_GUI_TRUE=''
WITH_VERSION_H_FALSE=''
WITH_VERSION_H_TRUE='#'
XERCES_CFLAGS=''
XERCES_LDFLAGS='-L/usr/local/lib'
XERCES_LIBS=''
ac_ct_AR='ar'
ac_ct_CC='gcc'
ac_ct_CXX=''
ac_ct_DUMPBIN=''
am__EXEEXT_FALSE=''
am__EXEEXT_TRUE='#'
am__fastdepCC_FALSE='#'
am__fastdepCC_TRUE=''
am__fastdepCXX_FALSE='#'
am__fastdepCXX_TRUE=''
am__include='include'
am__isrc=''
am__leading_dot='.'
am__nodep='_no'
am__quote=''
am__tar='tar --format=ustar -chf - "$$tardir"'
am__untar='tar -xf -'
bindir='${exec_prefix}/bin'
build='x86_64-apple-darwin16.7.0'
build_alias=''
build_cpu='x86_64'
build_os='darwin16.7.0'
build_vendor='apple'
datadir='${datarootdir}'
datarootdir='${prefix}/share'
docdir='${datarootdir}/doc/${PACKAGE_TARNAME}'
dvidir='${docdir}'
exec_prefix='${prefix}'
host='x86_64-apple-darwin16.7.0'
host_alias=''
host_cpu='x86_64'
host_os='darwin16.7.0'
host_vendor='apple'
htmldir='${docdir}'
includedir='${prefix}/include'
infodir='${datarootdir}/info'
install_sh='${SHELL} /Users/aum.jadhav/Documents/Programming/cmu_robostats/deeprl_driving_behaviors/sumo-0.31.0/install-sh'
libdir='${exec_prefix}/lib'
libexecdir='${exec_prefix}/libexec'
localedir='${datarootdir}/locale'
localstatedir='${prefix}/var'
mandir='${datarootdir}/man'
mkdir_p='$(MKDIR_P)'
oldincludedir='/usr/include'
pdfdir='${docdir}'
prefix='/usr/local'
program_transform_name='s,x,x,'
psdir='${docdir}'
sbindir='${exec_prefix}/sbin'
sharedstatedir='${prefix}/com'
sysconfdir='${prefix}/etc'
target='x86_64-apple-darwin16.7.0'
target_alias=''
target_cpu='x86_64'
target_os='darwin16.7.0'
target_vendor='apple'

## ----------- ##
## confdefs.h. ##
## ----------- ##

/* confdefs.h */
#define PACKAGE_NAME "sumo"
#define PACKAGE_TARNAME "sumo"
#define PACKAGE_VERSION "0.31.0"
#define PACKAGE_STRING "sumo 0.31.0"
#define PACKAGE_BUGREPORT ""
#define PACKAGE_URL ""
#define PACKAGE "sumo"
#define VERSION "0.31.0"
#define HAVE_SYS_TYPES_H 1
#define HAVE_SYS_STAT_H 1
#define HAVE_STDLIB_H 1
#define HAVE_STRING_H 1
#define HAVE_MEMORY_H 1
#define HAVE_STRINGS_H 1
#define HAVE_INTTYPES_H 1
#define HAVE_STDINT_H 1
#define HAVE_UNISTD_H 1
#define HAVE_DLFCN_H 1
#define LT_OBJDIR ".libs/"
#define POSITION_EPS 0.1
#define NUMERICAL_EPS 0.001
#define VERSION_STRING "0.31.0"
#define XERCES3_SIZE_t unsigned int
#define HAVE_PROJ 1
#define HAVE_GDAL 1
#define HAVE_FOX 1
#define HAVE_ENABLED "x86_64-apple-darwin16.7.0 TRACI PROJ GDAL GUI"
#define HAVE_ALLOCA_H 1
#define HAVE_ALLOCA 1
#define HAVE_FLOAT_H 1
#define HAVE_LIMITS_H 1
#define HAVE_MATH_H 1
#define HAVE_STDDEF_H 1
#define HAVE_STDLIB_H 1
#define HAVE_STRING_H 1
#define HAVE_SYS_TIME_H 1
#define HAVE_UNISTD_H 1
#define HAVE_WCHAR_H 1
#define TIME_WITH_SYS_TIME 1
#define HAVE_SYS_SELECT_H 1
#define HAVE_SYS_SOCKET_H 1
#define SELECT_TYPE_ARG1 int
#define SELECT_TYPE_ARG234 (fd_set *)
#define SELECT_TYPE_ARG5 (struct timeval *)
#define RETSIGTYPE void
#define HAVE_FLOOR 1
#define HAVE_GETCWD 1
#define HAVE_GETTIMEOFDAY 1
#define HAVE_MEMSET 1
#define HAVE_POW 1
#define HAVE_SELECT 1
#define HAVE_SOCKET 1
#define HAVE_SQRT 1

configure: exit 0
